<testsuites>
	<testsuite id="1" tests="2" failures="2" package="/Users/alper/Desktop/TestAutomationCase/specs/kap-notification-export.spec" time="38.333" timestamp="2025-08-03T19:19:00" name="Specification: KAP Bildirim Testi" errors="0" hostname="Alper-MacBook-Air-2.local">
		<properties></properties>
		<testcase classname="Specification: KAP Bildirim Testi" name="Scenario: Masaüstü Web arayüzü için QNB bildirimi detaylı arama ve Excel kontrolü" time="20.764">
			<failure message="&#34;btn_File_Download_Generic&#34; locatöründen &#34;excel&#34; parametresiyle seçim yapılır&#xA;Step Execution Failure: &#39;org.openqa.selenium.TimeoutException: Expected condition failed: waiting for element to be clickable: By.xpath: //a[contains(@href, &#39;/expot/excel&#39;)] (tried for 10 second(s) with 500 milliseconds interval)&#xA;Build info: version: &#39;4.34.0&#39;, revision: &#39;707dcb4246*&#39;&#xA;System info: os.name: &#39;Mac OS X&#39;, os.arch: &#39;aarch64&#39;, os.version: &#39;15.5&#39;, java.version: &#39;17.0.12&#39;&#xA;Driver info: org.openqa.selenium.chrome.ChromeDriver&#xA;Capabilities {acceptInsecureCerts: false, browserName: chrome, browserVersion: 138.0.7204.184, chrome: {chromedriverVersion: 138.0.7204.183 (e90faf484dd..., userDataDir: /var/folders/yn/zc0bqj7s5kx...}, fedcm:accounts: true, goog:chromeOptions: {debuggerAddress: localhost:50165}, networkConnectionEnabled: false, pageLoadStrategy: normal, platformName: mac, proxy: Proxy(), se:cdp: ws://localhost:50165/devtoo..., se:cdpVersion: 138.0.7204.184, setWindowRect: true, strictFileInteractability: false, timeouts: {implicit: 0, pageLoad: 300000, script: 30000}, unhandledPromptBehavior: dismiss and notify, webauthn:extension:credBlob: true, webauthn:extension:largeBlob: true, webauthn:extension:minPinLength: true, webauthn:extension:prf: true, webauthn:virtualAuthenticators: true}&#xA;Session ID: 466a3927156d79cb69de77d95cadf4da&#39;" type="&#34;btn_File_Download_Generic&#34; locatöründen &#34;excel&#34; parametresiyle seçim yapılır&#xA;Step Execution Failure: &#39;org.openqa.selenium.TimeoutException: Expected condition failed: waiting for element to be clickable: By.xpath: //a[contains(@href, &#39;/expot/excel&#39;)] (tried for 10 second(s) with 500 milliseconds interval)&#xA;Build info: version: &#39;4.34.0&#39;, revision: &#39;707dcb4246*&#39;&#xA;System info: os.name: &#39;Mac OS X&#39;, os.arch: &#39;aarch64&#39;, os.version: &#39;15.5&#39;, java.version: &#39;17.0.12&#39;&#xA;Driver info: org.openqa.selenium.chrome.ChromeDriver&#xA;Capabilities {acceptInsecureCerts: false, browserName: chrome, browserVersion: 138.0.7204.184, chrome: {chromedriverVersion: 138.0.7204.183 (e90faf484dd..., userDataDir: /var/folders/yn/zc0bqj7s5kx...}, fedcm:accounts: true, goog:chromeOptions: {debuggerAddress: localhost:50165}, networkConnectionEnabled: false, pageLoadStrategy: normal, platformName: mac, proxy: Proxy(), se:cdp: ws://localhost:50165/devtoo..., se:cdpVersion: 138.0.7204.184, setWindowRect: true, strictFileInteractability: false, timeouts: {implicit: 0, pageLoad: 300000, script: 30000}, unhandledPromptBehavior: dismiss and notify, webauthn:extension:credBlob: true, webauthn:extension:largeBlob: true, webauthn:extension:minPinLength: true, webauthn:extension:prf: true, webauthn:virtualAuthenticators: true}&#xA;Session ID: 466a3927156d79cb69de77d95cadf4da&#39;">org.openqa.selenium.TimeoutException: Expected condition failed: waiting for element to be clickable: By.xpath: //a[contains(@href, &#39;/expot/excel&#39;)] (tried for 10 second(s) with 500 milliseconds interval)&#xA;Build info: version: &#39;4.34.0&#39;, revision: &#39;707dcb4246*&#39;&#xA;System info: os.name: &#39;Mac OS X&#39;, os.arch: &#39;aarch64&#39;, os.version: &#39;15.5&#39;, java.version: &#39;17.0.12&#39;&#xA;Driver info: org.openqa.selenium.chrome.ChromeDriver&#xA;Capabilities {acceptInsecureCerts: false, browserName: chrome, browserVersion: 138.0.7204.184, chrome: {chromedriverVersion: 138.0.7204.183 (e90faf484dd..., userDataDir: /var/folders/yn/zc0bqj7s5kx...}, fedcm:accounts: true, goog:chromeOptions: {debuggerAddress: localhost:50165}, networkConnectionEnabled: false, pageLoadStrategy: normal, platformName: mac, proxy: Proxy(), se:cdp: ws://localhost:50165/devtoo..., se:cdpVersion: 138.0.7204.184, setWindowRect: true, strictFileInteractability: false, timeouts: {implicit: 0, pageLoad: 300000, script: 30000}, unhandledPromptBehavior: dismiss and notify, webauthn:extension:credBlob: true, webauthn:extension:largeBlob: true, webauthn:extension:minPinLength: true, webauthn:extension:prf: true, webauthn:virtualAuthenticators: true}&#xA;Session ID: 466a3927156d79cb69de77d95cadf4da&#xA;&#x9;at org.openqa.selenium.support.ui.WebDriverWait.timeoutException(WebDriverWait.java:84)&#xA;&#x9;at org.openqa.selenium.support.ui.FluentWait.until(FluentWait.java:228)&#xA;&#x9;at pages.BasePage.clickByLocator(BasePage.java:29)&#xA;&#x9;at pages.BasePage.clickDynamicElement(BasePage.java:45)&#xA;&#x9;at steps.KapSteps.clickDynamicElement(KapSteps.java:52)&#xA;&#x9;at java.base/jdk.internal.reflect.NativeMethodAccessorImpl.invoke0(Native Method)&#xA;&#x9;at java.base/jdk.internal.reflect.NativeMethodAccessorImpl.invoke(NativeMethodAccessorImpl.java:77)&#xA;&#x9;at java.base/jdk.internal.reflect.DelegatingMethodAccessorImpl.invoke(DelegatingMethodAccessorImpl.java:43)&#xA;&#x9;at java.base/java.lang.reflect.Method.invoke(Method.java:568)&#xA;&#x9;at com.thoughtworks.gauge.execution.MethodExecutor.execute(MethodExecutor.java:31)&#xA;&#x9;at com.thoughtworks.gauge.execution.StepExecutionStage.executeStepMethod(StepExecutionStage.java:66)&#xA;&#x9;at com.thoughtworks.gauge.execution.StepExecutionStage.executeStep(StepExecutionStage.java:59)&#xA;&#x9;at com.thoughtworks.gauge.execution.StepExecutionStage.execute(StepExecutionStage.java:41)&#xA;&#x9;at com.thoughtworks.gauge.execution.AbstractExecutionStage.executeNext(AbstractExecutionStage.java:14)&#xA;&#x9;at com.thoughtworks.gauge.execution.HookExecutionStage.execute(HookExecutionStage.java:33)&#xA;&#x9;at com.thoughtworks.gauge.execution.ExecutionPipeline.start(ExecutionPipeline.java:19)&#xA;&#x9;at com.thoughtworks.gauge.processor.ExecuteStepProcessor.process(ExecuteStepProcessor.java:44)&#xA;&#x9;at com.thoughtworks.gauge.RunnerServiceHandler.lambda$executeStep$7(RunnerServiceHandler.java:166)&#xA;&#x9;at java.base/java.util.concurrent.ThreadPoolExecutor.runWorker(ThreadPoolExecutor.java:1136)&#xA;&#x9;at java.base/java.util.concurrent.ThreadPoolExecutor$Worker.run(ThreadPoolExecutor.java:635)&#xA;&#x9;at java.base/java.lang.Thread.run(Thread.java:842)&#xA;</failure>
		</testcase>
		<testcase classname="Specification: KAP Bildirim Testi" name="Scenario: Mobil Web arayüzü için QNB bildirimi detaylı arama ve Excel kontrolü" time="17.569">
			<failure message="Tarih olarak &#34;01.06.2025&#34; girilir&#xA;Step Execution Failure: &#39;java.lang.RuntimeException: Element tıklanamadı: switchToYearButton&#39;" type="Tarih olarak &#34;01.06.2025&#34; girilir&#xA;Step Execution Failure: &#39;java.lang.RuntimeException: Element tıklanamadı: switchToYearButton&#39;">java.lang.RuntimeException: Element tıklanamadı: switchToYearButton&#xA;&#x9;at pages.BasePage.clickByKey(BasePage.java:37)&#xA;&#x9;at pages.QueryPage.selectStartDate(QueryPage.java:13)&#xA;&#x9;at steps.KapSteps.enterDateAndClickButton(KapSteps.java:58)&#xA;&#x9;at java.base/jdk.internal.reflect.NativeMethodAccessorImpl.invoke0(Native Method)&#xA;&#x9;at java.base/jdk.internal.reflect.NativeMethodAccessorImpl.invoke(NativeMethodAccessorImpl.java:77)&#xA;&#x9;at java.base/jdk.internal.reflect.DelegatingMethodAccessorImpl.invoke(DelegatingMethodAccessorImpl.java:43)&#xA;&#x9;at java.base/java.lang.reflect.Method.invoke(Method.java:568)&#xA;&#x9;at com.thoughtworks.gauge.execution.MethodExecutor.execute(MethodExecutor.java:31)&#xA;&#x9;at com.thoughtworks.gauge.execution.StepExecutionStage.executeStepMethod(StepExecutionStage.java:66)&#xA;&#x9;at com.thoughtworks.gauge.execution.StepExecutionStage.executeStep(StepExecutionStage.java:59)&#xA;&#x9;at com.thoughtworks.gauge.execution.StepExecutionStage.execute(StepExecutionStage.java:41)&#xA;&#x9;at com.thoughtworks.gauge.execution.AbstractExecutionStage.executeNext(AbstractExecutionStage.java:14)&#xA;&#x9;at com.thoughtworks.gauge.execution.HookExecutionStage.execute(HookExecutionStage.java:33)&#xA;&#x9;at com.thoughtworks.gauge.execution.ExecutionPipeline.start(ExecutionPipeline.java:19)&#xA;&#x9;at com.thoughtworks.gauge.processor.ExecuteStepProcessor.process(ExecuteStepProcessor.java:44)&#xA;&#x9;at com.thoughtworks.gauge.RunnerServiceHandler.lambda$executeStep$7(RunnerServiceHandler.java:166)&#xA;&#x9;at java.base/java.util.concurrent.ThreadPoolExecutor.runWorker(ThreadPoolExecutor.java:1136)&#xA;&#x9;at java.base/java.util.concurrent.ThreadPoolExecutor$Worker.run(ThreadPoolExecutor.java:635)&#xA;&#x9;at java.base/java.lang.Thread.run(Thread.java:842)&#xA;Caused by: org.openqa.selenium.TimeoutException: Expected condition failed: waiting for element to be clickable: By.xpath: //button[contains(@aria-label,&#39;switch to year view&#39;)] (tried for 10 second(s) with 500 milliseconds interval)&#xA;Build info: version: &#39;4.34.0&#39;, revision: &#39;707dcb4246*&#39;&#xA;System info: os.name: &#39;Mac OS X&#39;, os.arch: &#39;aarch64&#39;, os.version: &#39;15.5&#39;, java.version: &#39;17.0.12&#39;&#xA;Driver info: org.openqa.selenium.chrome.ChromeDriver&#xA;Capabilities {acceptInsecureCerts: false, browserName: chrome, browserVersion: 138.0.7204.184, chrome: {chromedriverVersion: 138.0.7204.183 (e90faf484dd..., userDataDir: /var/folders/yn/zc0bqj7s5kx...}, fedcm:accounts: true, goog:chromeOptions: {debuggerAddress: localhost:50195}, networkConnectionEnabled: false, pageLoadStrategy: normal, platformName: mac, proxy: Proxy(), se:cdp: ws://localhost:50195/devtoo..., se:cdpVersion: 138.0.7204.184, setWindowRect: true, strictFileInteractability: false, timeouts: {implicit: 0, pageLoad: 300000, script: 30000}, unhandledPromptBehavior: dismiss and notify, webauthn:extension:credBlob: true, webauthn:extension:largeBlob: true, webauthn:extension:minPinLength: true, webauthn:extension:prf: true, webauthn:virtualAuthenticators: true}&#xA;Session ID: afb257f12d399ac619a3f531d5fb68ce&#xA;&#x9;at org.openqa.selenium.support.ui.WebDriverWait.timeoutException(WebDriverWait.java:84)&#xA;&#x9;at org.openqa.selenium.support.ui.FluentWait.until(FluentWait.java:228)&#xA;&#x9;at pages.BasePage.clickByKey(BasePage.java:35)&#xA;&#x9;... 18 more&#xA;</failure>
		</testcase>
		<system-out></system-out>
		<system-err></system-err>
	</testsuite>
</testsuites>