src/main/java/pages/KapHomePage.java:3: error: package org.openqa.selenium does not exist
import org.openqa.selenium.By;
                          ^
src/main/java/pages/KapHomePage.java:4: error: package org.openqa.selenium does not exist
import org.openqa.selenium.WebDriver;
                          ^
src/main/java/pages/KapHomePage.java:5: error: package org.openqa.selenium does not exist
import org.openqa.selenium.WebElement;
                          ^
src/main/java/pages/KapHomePage.java:6: error: package org.openqa.selenium.support.ui does not exist
import org.openqa.selenium.support.ui.ExpectedConditions;
                                     ^
src/main/java/pages/KapHomePage.java:7: error: package org.openqa.selenium.support.ui does not exist
import org.openqa.selenium.support.ui.WebDriverWait;
                                     ^
src/main/java/pages/KapHomePage.java:13: error: cannot find symbol
    private WebDriver driver;
            ^
  symbol:   class WebDriver
  location: class KapHomePage
src/main/java/pages/KapHomePage.java:14: error: cannot find symbol
    private WebDriverWait wait;
            ^
  symbol:   class WebDriverWait
  location: class KapHomePage
src/main/java/pages/KapHomePage.java:17: error: cannot find symbol
    public KapHomePage(WebDriver driver) {
                       ^
  symbol:   class WebDriver
  location: class KapHomePage
src/main/java/pages/KapHomePage.java:23: error: cannot find symbol
    private By bildirimSorgulariButton = By.xpath("//button[.//span[text()='Bildirim Sorguları']]");
            ^
  symbol:   class By
  location: class KapHomePage
src/main/java/pages/KapHomePage.java:26: error: cannot find symbol
    private By detayliSorgulamaLink = By.xpath("//a[@href='/tr/bildirim-sorgu']");
            ^
  symbol:   class By
  location: class KapHomePage
src/main/java/pages/NotificationDetailsPage.java:12: error: cannot find symbol
    WebDriver driver;
    ^
  symbol:   class WebDriver
  location: class NotificationDetailsPage
src/main/java/pages/NotificationDetailsPage.java:13: error: cannot find symbol
    WebDriverWait wait;
    ^
  symbol:   class WebDriverWait
  location: class NotificationDetailsPage
src/main/java/pages/NotificationDetailsPage.java:15: error: cannot find symbol
    private By excelDownloadButton = By.cssSelector("a[href*='/export/excel/']");
            ^
  symbol:   class By
  location: class NotificationDetailsPage
src/main/java/pages/NotificationDetailsPage.java:17: error: cannot find symbol
    public NotificationDetailsPage(WebDriver driver) {
                                   ^
  symbol:   class WebDriver
  location: class NotificationDetailsPage
src/main/java/pages/NotificationDetailsPage.java:4: error: package org.openqa.selenium does not exist
import org.openqa.selenium.*;
^
src/main/java/pages/NotificationDetailsPage.java:5: error: package org.openqa.selenium.support.ui does not exist
import org.openqa.selenium.support.ui.*;
^
src/main/java/pages/SonuclarPage.java:4: error: package org.openqa.selenium.support.ui does not exist
import org.openqa.selenium.support.ui.WebDriverWait;
                                     ^
src/main/java/pages/SonuclarPage.java:5: error: package org.openqa.selenium.support.ui does not exist
import org.openqa.selenium.support.ui.ExpectedConditions;
                                     ^
src/main/java/pages/SonuclarPage.java:11: error: cannot find symbol
    WebDriver driver;
    ^
  symbol:   class WebDriver
  location: class SonuclarPage
src/main/java/pages/SonuclarPage.java:12: error: cannot find symbol
    WebDriverWait wait;
    ^
  symbol:   class WebDriverWait
  location: class SonuclarPage
src/main/java/pages/SonuclarPage.java:14: error: cannot find symbol
    public SonuclarPage(WebDriver driver) {
                        ^
  symbol:   class WebDriver
  location: class SonuclarPage
src/main/java/pages/SonuclarPage.java:19: error: cannot find symbol
    private By loadingIndicator = By.cssSelector(".progress-indicator"); // class adını sen netleştir
            ^
  symbol:   class By
  location: class SonuclarPage
src/main/java/pages/SonuclarPage.java:20: error: cannot find symbol
    private By allRows = By.cssSelector("tr.cursor-pointer");
            ^
  symbol:   class By
  location: class SonuclarPage
src/main/java/pages/SonuclarPage.java:3: error: package org.openqa.selenium does not exist
import org.openqa.selenium.*;
^
src/main/java/pages/SorguPage.java:4: error: package org.openqa.selenium.support.ui does not exist
import org.openqa.selenium.support.ui.ExpectedConditions;
                                     ^
src/main/java/pages/SorguPage.java:5: error: package org.openqa.selenium.support.ui does not exist
import org.openqa.selenium.support.ui.WebDriverWait;
                                     ^
src/main/java/pages/SorguPage.java:12: error: cannot find symbol
    WebDriver driver;
    ^
  symbol:   class WebDriver
  location: class SorguPage
src/main/java/pages/SorguPage.java:13: error: cannot find symbol
    WebDriverWait wait;
    ^
  symbol:   class WebDriverWait
  location: class SorguPage
src/main/java/pages/SorguPage.java:15: error: cannot find symbol
    public SorguPage(WebDriver driver) {
                     ^
  symbol:   class WebDriver
  location: class SorguPage
src/main/java/pages/SorguPage.java:21: error: cannot find symbol
    private By sirketBildirimiTab = By.xpath("//button[text()='Şirket Bildirimi']");
            ^
  symbol:   class By
  location: class SorguPage
src/main/java/pages/SorguPage.java:24: error: cannot find symbol
    private By dropdownToggle = By.cssSelector(".custom-select-toggle");
            ^
  symbol:   class By
  location: class SorguPage
src/main/java/pages/SorguPage.java:27: error: cannot find symbol
    private By datepickerButton = By.cssSelector(".MuiIconButton-root[aria-label^='Choose date']");
            ^
  symbol:   class By
  location: class SorguPage
src/main/java/pages/SorguPage.java:28: error: cannot find symbol
    private By switchToYearButton = By.cssSelector("button[aria-label*='calendar view']");
            ^
  symbol:   class By
  location: class SorguPage
src/main/java/pages/SorguPage.java:29: error: cannot find symbol
    private By year2025 = By.xpath("//button[text()='2025']");
            ^
  symbol:   class By
  location: class SorguPage
src/main/java/pages/SorguPage.java:30: error: cannot find symbol
    private By juneMonth = By.xpath("//button[contains(@aria-label, 'Haziran') or contains(text(), 'Haz')]");
            ^
  symbol:   class By
  location: class SorguPage
src/main/java/pages/SorguPage.java:33: error: cannot find symbol
    private By searchButton = By.xpath("//button[contains(text(),'Ara')]");
            ^
  symbol:   class By
  location: class SorguPage
src/main/java/pages/SorguPage.java:3: error: package org.openqa.selenium does not exist
import org.openqa.selenium.*;
^
src/main/java/utils/DriverFactory.java:3: error: package org.openqa.selenium does not exist
import org.openqa.selenium.WebDriver;
                          ^
src/main/java/utils/DriverFactory.java:4: error: package org.openqa.selenium.chrome does not exist
import org.openqa.selenium.chrome.ChromeDriver;
                                 ^
src/main/java/utils/DriverFactory.java:5: error: package org.openqa.selenium.chrome does not exist
import org.openqa.selenium.chrome.ChromeOptions;
                                 ^
src/main/java/utils/DriverFactory.java:12: error: cannot find symbol
    private static WebDriver driver;
                   ^
  symbol:   class WebDriver
  location: class DriverFactory
src/main/java/utils/DriverFactory.java:15: error: cannot find symbol
    public static WebDriver getDriver() {
                  ^
  symbol:   class WebDriver
  location: class DriverFactory
src/test/java/steps/KapSteps.java:5: error: package org.openqa.selenium does not exist
import org.openqa.selenium.WebDriver;
                          ^
src/test/java/steps/KapSteps.java:18: error: cannot find symbol
    WebDriver driver = DriverFactory.getDriver();
    ^
  symbol:   class WebDriver
  location: class KapSteps
src/main/java/pages/KapHomePage.java:19: error: cannot find symbol
        this.wait = new WebDriverWait(driver, Duration.ofSeconds(10));
                        ^
  symbol:   class WebDriverWait
  location: class KapHomePage
src/main/java/pages/KapHomePage.java:23: error: cannot find symbol
    private By bildirimSorgulariButton = By.xpath("//button[.//span[text()='Bildirim Sorguları']]");
                                         ^
  symbol:   variable By
  location: class KapHomePage
src/main/java/pages/KapHomePage.java:26: error: cannot find symbol
    private By detayliSorgulamaLink = By.xpath("//a[@href='/tr/bildirim-sorgu']");
                                      ^
  symbol:   variable By
  location: class KapHomePage
src/main/java/pages/KapHomePage.java:30: error: cannot find symbol
        WebElement element = wait.until(ExpectedConditions.elementToBeClickable(bildirimSorgulariButton));
        ^
  symbol:   class WebElement
  location: class KapHomePage
src/main/java/pages/KapHomePage.java:30: error: cannot find symbol
        WebElement element = wait.until(ExpectedConditions.elementToBeClickable(bildirimSorgulariButton));
                                        ^
  symbol:   variable ExpectedConditions
  location: class KapHomePage
src/main/java/pages/KapHomePage.java:36: error: cannot find symbol
        WebElement element = wait.until(ExpectedConditions.visibilityOfElementLocated(detayliSorgulamaLink));
        ^
  symbol:   class WebElement
  location: class KapHomePage
src/main/java/pages/KapHomePage.java:36: error: cannot find symbol
        WebElement element = wait.until(ExpectedConditions.visibilityOfElementLocated(detayliSorgulamaLink));
                                        ^
  symbol:   variable ExpectedConditions
  location: class KapHomePage
src/main/java/pages/NotificationDetailsPage.java:15: error: cannot find symbol
    private By excelDownloadButton = By.cssSelector("a[href*='/export/excel/']");
                                     ^
  symbol:   variable By
  location: class NotificationDetailsPage
src/main/java/pages/NotificationDetailsPage.java:19: error: cannot find symbol
        this.wait = new WebDriverWait(driver, Duration.ofSeconds(10));
                        ^
  symbol:   class WebDriverWait
  location: class NotificationDetailsPage
src/main/java/pages/NotificationDetailsPage.java:23: error: cannot find symbol
        WebElement downloadLink = wait.until(ExpectedConditions.elementToBeClickable(excelDownloadButton));
        ^
  symbol:   class WebElement
  location: class NotificationDetailsPage
src/main/java/pages/NotificationDetailsPage.java:23: error: cannot find symbol
        WebElement downloadLink = wait.until(ExpectedConditions.elementToBeClickable(excelDownloadButton));
                                             ^
  symbol:   variable ExpectedConditions
  location: class NotificationDetailsPage
src/main/java/pages/NotificationDetailsPage.java:24: error: cannot find symbol
        ((JavascriptExecutor) driver).executeScript("arguments[0].scrollIntoView({block: 'center'});", downloadLink);
          ^
  symbol:   class JavascriptExecutor
  location: class NotificationDetailsPage
src/main/java/pages/NotificationDetailsPage.java:31: error: cannot find symbol
            ((JavascriptExecutor) driver).executeScript("arguments[0].click();", downloadLink);
              ^
  symbol:   class JavascriptExecutor
  location: class NotificationDetailsPage
src/main/java/pages/SonuclarPage.java:16: error: cannot find symbol
        this.wait = new WebDriverWait(driver, Duration.ofSeconds(10));
                        ^
  symbol:   class WebDriverWait
  location: class SonuclarPage
src/main/java/pages/SonuclarPage.java:19: error: cannot find symbol
    private By loadingIndicator = By.cssSelector(".progress-indicator"); // class adını sen netleştir
                                  ^
  symbol:   variable By
  location: class SonuclarPage
src/main/java/pages/SonuclarPage.java:20: error: cannot find symbol
    private By allRows = By.cssSelector("tr.cursor-pointer");
                         ^
  symbol:   variable By
  location: class SonuclarPage
src/main/java/pages/SonuclarPage.java:23: error: cannot find symbol
        wait.until(ExpectedConditions.invisibilityOfElementLocated(loadingIndicator));
                   ^
  symbol:   variable ExpectedConditions
  location: class SonuclarPage
src/main/java/pages/SonuclarPage.java:29: error: cannot find symbol
        List<WebElement> rows = wait.until(ExpectedConditions.presenceOfAllElementsLocatedBy(allRows));
             ^
  symbol:   class WebElement
  location: class SonuclarPage
src/main/java/pages/SonuclarPage.java:29: error: cannot find symbol
        List<WebElement> rows = wait.until(ExpectedConditions.presenceOfAllElementsLocatedBy(allRows));
                                           ^
  symbol:   variable ExpectedConditions
  location: class SonuclarPage
src/main/java/pages/SonuclarPage.java:31: error: cannot find symbol
        for (WebElement row : rows) {
             ^
  symbol:   class WebElement
  location: class SonuclarPage
src/main/java/pages/SonuclarPage.java:33: error: cannot find symbol
                ((JavascriptExecutor) driver).executeScript("arguments[0].scrollIntoView({block: 'center'});", row);
                  ^
  symbol:   class JavascriptExecutor
  location: class SonuclarPage
src/main/java/pages/SonuclarPage.java:36: error: cannot find symbol
                    WebElement clickableCell = row.findElement(By.cssSelector("td[name='notification-navigation']"));
                    ^
  symbol:   class WebElement
  location: class SonuclarPage
src/main/java/pages/SonuclarPage.java:36: error: cannot find symbol
                    WebElement clickableCell = row.findElement(By.cssSelector("td[name='notification-navigation']"));
                                                               ^
  symbol:   variable By
  location: class SonuclarPage
src/main/java/pages/SonuclarPage.java:38: error: cannot find symbol
                    wait.until(ExpectedConditions.elementToBeClickable(clickableCell)).click();
                               ^
  symbol:   variable ExpectedConditions
  location: class SonuclarPage
src/main/java/pages/SonuclarPage.java:44: error: cannot find symbol
                    WebElement clickableCell = row.findElement(By.cssSelector("td[name='notification-navigation']"));
                    ^
  symbol:   class WebElement
  location: class SonuclarPage
src/main/java/pages/SonuclarPage.java:44: error: cannot find symbol
                    WebElement clickableCell = row.findElement(By.cssSelector("td[name='notification-navigation']"));
                                                               ^
  symbol:   variable By
  location: class SonuclarPage
src/main/java/pages/SonuclarPage.java:45: error: cannot find symbol
                    ((JavascriptExecutor) driver).executeScript("arguments[0].click();", clickableCell);
                      ^
  symbol:   class JavascriptExecutor
  location: class SonuclarPage
src/main/java/pages/SonuclarPage.java:51: error: cannot find symbol
        throw new NotFoundException("QNB içeren satır bulunamadı.");
                  ^
  symbol:   class NotFoundException
  location: class SonuclarPage
src/main/java/pages/SorguPage.java:17: error: cannot find symbol
        this.wait = new WebDriverWait(driver, Duration.ofSeconds(10));
                        ^
  symbol:   class WebDriverWait
  location: class SorguPage
src/main/java/pages/SorguPage.java:21: error: cannot find symbol
    private By sirketBildirimiTab = By.xpath("//button[text()='Şirket Bildirimi']");
                                    ^
  symbol:   variable By
  location: class SorguPage
src/main/java/pages/SorguPage.java:24: error: cannot find symbol
    private By dropdownToggle = By.cssSelector(".custom-select-toggle");
                                ^
  symbol:   variable By
  location: class SorguPage
src/main/java/pages/SorguPage.java:27: error: cannot find symbol
    private By datepickerButton = By.cssSelector(".MuiIconButton-root[aria-label^='Choose date']");
                                  ^
  symbol:   variable By
  location: class SorguPage
src/main/java/pages/SorguPage.java:28: error: cannot find symbol
    private By switchToYearButton = By.cssSelector("button[aria-label*='calendar view']");
                                    ^
  symbol:   variable By
  location: class SorguPage
src/main/java/pages/SorguPage.java:29: error: cannot find symbol
    private By year2025 = By.xpath("//button[text()='2025']");
                          ^
  symbol:   variable By
  location: class SorguPage
src/main/java/pages/SorguPage.java:30: error: cannot find symbol
    private By juneMonth = By.xpath("//button[contains(@aria-label, 'Haziran') or contains(text(), 'Haz')]");
                           ^
  symbol:   variable By
  location: class SorguPage
src/main/java/pages/SorguPage.java:33: error: cannot find symbol
    private By searchButton = By.xpath("//button[contains(text(),'Ara')]");
                              ^
  symbol:   variable By
  location: class SorguPage
src/main/java/pages/SorguPage.java:37: error: cannot find symbol
        WebElement element = wait.until(ExpectedConditions.elementToBeClickable(sirketBildirimiTab));
        ^
  symbol:   class WebElement
  location: class SorguPage
src/main/java/pages/SorguPage.java:37: error: cannot find symbol
        WebElement element = wait.until(ExpectedConditions.elementToBeClickable(sirketBildirimiTab));
                                        ^
  symbol:   variable ExpectedConditions
  location: class SorguPage
src/main/java/pages/SorguPage.java:43: error: cannot find symbol
        List<WebElement> dropdowns = driver.findElements(dropdownToggle);
             ^
  symbol:   class WebElement
  location: class SorguPage
src/main/java/pages/SorguPage.java:46: error: cannot find symbol
        for (WebElement dropdown : dropdowns) {
             ^
  symbol:   class WebElement
  location: class SorguPage
src/main/java/pages/SorguPage.java:48: error: cannot find symbol
                wait.until(ExpectedConditions.elementToBeClickable(dropdown)).click();
                           ^
  symbol:   variable ExpectedConditions
  location: class SorguPage
src/main/java/pages/SorguPage.java:55: error: cannot find symbol
            throw new NoSuchElementException("Dropdown with text '" + dropdownText + "' not found.");
                      ^
  symbol:   class NoSuchElementException
  location: class SorguPage
src/main/java/pages/SorguPage.java:58: error: cannot find symbol
        By optionLocator = By.xpath("//div[contains(@class,'select-option') and text()='" + optionText + "']");
        ^
  symbol:   class By
  location: class SorguPage
src/main/java/pages/SorguPage.java:58: error: cannot find symbol
        By optionLocator = By.xpath("//div[contains(@class,'select-option') and text()='" + optionText + "']");
                           ^
  symbol:   variable By
  location: class SorguPage
src/main/java/pages/SorguPage.java:59: error: cannot find symbol
        wait.until(ExpectedConditions.elementToBeClickable(optionLocator)).click();
                   ^
  symbol:   variable ExpectedConditions
  location: class SorguPage
src/main/java/pages/SorguPage.java:70: error: cannot find symbol
        wait.until(ExpectedConditions.elementToBeClickable(switchToYearButton)).click();
                   ^
  symbol:   variable ExpectedConditions
  location: class SorguPage
src/main/java/pages/SorguPage.java:73: error: cannot find symbol
        wait.until(ExpectedConditions.elementToBeClickable(year2025)).click();
                   ^
  symbol:   variable ExpectedConditions
  location: class SorguPage
src/main/java/pages/SorguPage.java:76: error: cannot find symbol
        wait.until(ExpectedConditions.elementToBeClickable(juneMonth)).click();
                   ^
  symbol:   variable ExpectedConditions
  location: class SorguPage
src/main/java/pages/SorguPage.java:83: error: cannot find symbol
        wait.until(ExpectedConditions.elementToBeClickable(datepickerButton)).click();
                   ^
  symbol:   variable ExpectedConditions
  location: class SorguPage
src/main/java/pages/SorguPage.java:88: error: cannot find symbol
        WebElement dayElement = wait.until(ExpectedConditions.elementToBeClickable(By.xpath(xpath)));
        ^
  symbol:   class WebElement
  location: class SorguPage
src/main/java/pages/SorguPage.java:88: error: cannot find symbol
        WebElement dayElement = wait.until(ExpectedConditions.elementToBeClickable(By.xpath(xpath)));
                                           ^
  symbol:   variable ExpectedConditions
  location: class SorguPage
src/main/java/pages/SorguPage.java:88: error: cannot find symbol
        WebElement dayElement = wait.until(ExpectedConditions.elementToBeClickable(By.xpath(xpath)));
                                                                                   ^
  symbol:   variable By
  location: class SorguPage
src/main/java/pages/SorguPage.java:93: error: cannot find symbol
        WebElement btn = wait.until(ExpectedConditions.elementToBeClickable(searchButton));
        ^
  symbol:   class WebElement
  location: class SorguPage
src/main/java/pages/SorguPage.java:93: error: cannot find symbol
        WebElement btn = wait.until(ExpectedConditions.elementToBeClickable(searchButton));
                                    ^
  symbol:   variable ExpectedConditions
  location: class SorguPage
src/main/java/pages/SorguPage.java:96: error: cannot find symbol
            ((JavascriptExecutor) driver).executeScript("arguments[0].scrollIntoView({block: 'center'});", btn);
              ^
  symbol:   class JavascriptExecutor
  location: class SorguPage
src/main/java/pages/SorguPage.java:100: error: cannot find symbol
            ((JavascriptExecutor) driver).executeScript("arguments[0].click();", btn);
              ^
  symbol:   class JavascriptExecutor
  location: class SorguPage
100 errors
only showing the first 100 errors, of 103 total; use -Xmaxerrs if you would like to see more
