src/main/java/pages/KapHomePage.java:3: error: package org.openqa.selenium does not exist
import org.openqa.selenium.By;
                          ^
src/main/java/pages/KapHomePage.java:4: error: package org.openqa.selenium does not exist
import org.openqa.selenium.WebDriver;
                          ^
src/main/java/pages/KapHomePage.java:5: error: package org.openqa.selenium does not exist
import org.openqa.selenium.WebElement;
                          ^
src/main/java/pages/KapHomePage.java:6: error: package org.openqa.selenium.support.ui does not exist
import org.openqa.selenium.support.ui.ExpectedConditions;
                                     ^
src/main/java/pages/KapHomePage.java:7: error: package org.openqa.selenium.support.ui does not exist
import org.openqa.selenium.support.ui.WebDriverWait;
                                     ^
src/main/java/pages/KapHomePage.java:13: error: cannot find symbol
    private WebDriver driver;
            ^
  symbol:   class WebDriver
  location: class KapHomePage
src/main/java/pages/KapHomePage.java:14: error: cannot find symbol
    private WebDriverWait wait;
            ^
  symbol:   class WebDriverWait
  location: class KapHomePage
src/main/java/pages/KapHomePage.java:16: error: cannot find symbol
    public KapHomePage(WebDriver driver) {
                       ^
  symbol:   class WebDriver
  location: class KapHomePage
src/main/java/pages/NotificationDetailsPage.java:10: error: cannot find symbol
    private WebDriver driver;
            ^
  symbol:   class WebDriver
  location: class NotificationDetailsPage
src/main/java/pages/NotificationDetailsPage.java:11: error: cannot find symbol
    private WebDriverWait wait;
            ^
  symbol:   class WebDriverWait
  location: class NotificationDetailsPage
src/main/java/pages/NotificationDetailsPage.java:14: error: cannot find symbol
    private final By excelDownloadButton = By.cssSelector("a[href*='/export/excel/']");
                  ^
  symbol:   class By
  location: class NotificationDetailsPage
src/main/java/pages/NotificationDetailsPage.java:16: error: cannot find symbol
    public NotificationDetailsPage(WebDriver driver) {
                                   ^
  symbol:   class WebDriver
  location: class NotificationDetailsPage
src/main/java/pages/NotificationDetailsPage.java:3: error: package org.openqa.selenium does not exist
import org.openqa.selenium.*;
^
src/main/java/pages/NotificationDetailsPage.java:4: error: package org.openqa.selenium.support.ui does not exist
import org.openqa.selenium.support.ui.*;
^
src/main/java/pages/SonuclarPage.java:4: error: package org.openqa.selenium.support.ui does not exist
import org.openqa.selenium.support.ui.WebDriverWait;
                                     ^
src/main/java/pages/SonuclarPage.java:5: error: package org.openqa.selenium.support.ui does not exist
import org.openqa.selenium.support.ui.ExpectedConditions;
                                     ^
src/main/java/pages/SonuclarPage.java:12: error: cannot find symbol
    WebDriver driver;
    ^
  symbol:   class WebDriver
  location: class SonuclarPage
src/main/java/pages/SonuclarPage.java:13: error: cannot find symbol
    WebDriverWait wait;
    ^
  symbol:   class WebDriverWait
  location: class SonuclarPage
src/main/java/pages/SonuclarPage.java:15: error: cannot find symbol
    private By loadingIndicator = By.cssSelector(".progress-indicator"); // sayfadaki loading varsa
            ^
  symbol:   class By
  location: class SonuclarPage
src/main/java/pages/SonuclarPage.java:16: error: cannot find symbol
    private By allRows = By.cssSelector("tr.cursor-pointer");
            ^
  symbol:   class By
  location: class SonuclarPage
src/main/java/pages/SonuclarPage.java:18: error: cannot find symbol
    public SonuclarPage(WebDriver driver) {
                        ^
  symbol:   class WebDriver
  location: class SonuclarPage
src/main/java/pages/SonuclarPage.java:3: error: package org.openqa.selenium does not exist
import org.openqa.selenium.*;
^
src/main/java/pages/SorguPage.java:4: error: package org.openqa.selenium.support.ui does not exist
import org.openqa.selenium.support.ui.ExpectedConditions;
                                     ^
src/main/java/pages/SorguPage.java:5: error: package org.openqa.selenium.support.ui does not exist
import org.openqa.selenium.support.ui.WebDriverWait;
                                     ^
src/main/java/pages/SorguPage.java:12: error: cannot find symbol
    WebDriver driver;
    ^
  symbol:   class WebDriver
  location: class SorguPage
src/main/java/pages/SorguPage.java:13: error: cannot find symbol
    WebDriverWait wait;
    ^
  symbol:   class WebDriverWait
  location: class SorguPage
src/main/java/pages/SorguPage.java:15: error: cannot find symbol
    public SorguPage(WebDriver driver) {
                     ^
  symbol:   class WebDriver
  location: class SorguPage
src/main/java/pages/SorguPage.java:21: error: cannot find symbol
    private By dropdownToggle = By.cssSelector(".custom-select-toggle");
            ^
  symbol:   class By
  location: class SorguPage
src/main/java/pages/SorguPage.java:24: error: cannot find symbol
    private By datepickerButton = By.cssSelector(".MuiIconButton-root[aria-label^='Choose date']");
            ^
  symbol:   class By
  location: class SorguPage
src/main/java/pages/SorguPage.java:25: error: cannot find symbol
    private By switchToYearButton = By.cssSelector("button[aria-label*='calendar view']");
            ^
  symbol:   class By
  location: class SorguPage
src/main/java/pages/SorguPage.java:3: error: package org.openqa.selenium does not exist
import org.openqa.selenium.*;
^
src/main/java/utils/DriverFactory.java:3: error: package org.openqa.selenium does not exist
import org.openqa.selenium.WebDriver;
                          ^
src/main/java/utils/DriverFactory.java:4: error: package org.openqa.selenium.chrome does not exist
import org.openqa.selenium.chrome.ChromeDriver;
                                 ^
src/main/java/utils/DriverFactory.java:5: error: package org.openqa.selenium.chrome does not exist
import org.openqa.selenium.chrome.ChromeOptions;
                                 ^
src/main/java/utils/DriverFactory.java:12: error: cannot find symbol
    private static WebDriver driver;
                   ^
  symbol:   class WebDriver
  location: class DriverFactory
src/main/java/utils/DriverFactory.java:15: error: cannot find symbol
    public static WebDriver getDriver() {
                  ^
  symbol:   class WebDriver
  location: class DriverFactory
src/test/java/steps/KapSteps.java:5: error: package org.openqa.selenium does not exist
import org.openqa.selenium.WebDriver;
                          ^
src/test/java/steps/KapSteps.java:17: error: cannot find symbol
    WebDriver driver = DriverFactory.getDriver();
    ^
  symbol:   class WebDriver
  location: class KapSteps
src/main/java/pages/KapHomePage.java:18: error: cannot find symbol
        this.wait = new WebDriverWait(driver, Duration.ofSeconds(10));
                        ^
  symbol:   class WebDriverWait
  location: class KapHomePage
src/main/java/pages/KapHomePage.java:23: error: cannot find symbol
        By menuButton = By.xpath("//button[.//span[text()='" + menuText + "']]");
        ^
  symbol:   class By
  location: class KapHomePage
src/main/java/pages/KapHomePage.java:23: error: cannot find symbol
        By menuButton = By.xpath("//button[.//span[text()='" + menuText + "']]");
                        ^
  symbol:   variable By
  location: class KapHomePage
src/main/java/pages/KapHomePage.java:24: error: cannot find symbol
        WebElement element = wait.until(ExpectedConditions.elementToBeClickable(menuButton));
        ^
  symbol:   class WebElement
  location: class KapHomePage
src/main/java/pages/KapHomePage.java:24: error: cannot find symbol
        WebElement element = wait.until(ExpectedConditions.elementToBeClickable(menuButton));
                                        ^
  symbol:   variable ExpectedConditions
  location: class KapHomePage
src/main/java/pages/KapHomePage.java:30: error: cannot find symbol
        By subMenuLink = By.xpath("//a[contains(@href, '/tr/') and contains(text(), '" + subMenuText + "')]");
        ^
  symbol:   class By
  location: class KapHomePage
src/main/java/pages/KapHomePage.java:30: error: cannot find symbol
        By subMenuLink = By.xpath("//a[contains(@href, '/tr/') and contains(text(), '" + subMenuText + "')]");
                         ^
  symbol:   variable By
  location: class KapHomePage
src/main/java/pages/KapHomePage.java:31: error: cannot find symbol
        WebElement element = wait.until(ExpectedConditions.visibilityOfElementLocated(subMenuLink));
        ^
  symbol:   class WebElement
  location: class KapHomePage
src/main/java/pages/KapHomePage.java:31: error: cannot find symbol
        WebElement element = wait.until(ExpectedConditions.visibilityOfElementLocated(subMenuLink));
                                        ^
  symbol:   variable ExpectedConditions
  location: class KapHomePage
src/main/java/pages/NotificationDetailsPage.java:14: error: cannot find symbol
    private final By excelDownloadButton = By.cssSelector("a[href*='/export/excel/']");
                                           ^
  symbol:   variable By
  location: class NotificationDetailsPage
src/main/java/pages/NotificationDetailsPage.java:18: error: cannot find symbol
        this.wait = new WebDriverWait(driver, Duration.ofSeconds(10));
                        ^
  symbol:   class WebDriverWait
  location: class NotificationDetailsPage
src/main/java/pages/NotificationDetailsPage.java:22: error: cannot find symbol
        WebElement downloadLink = wait.until(ExpectedConditions.elementToBeClickable(excelDownloadButton));
        ^
  symbol:   class WebElement
  location: class NotificationDetailsPage
src/main/java/pages/NotificationDetailsPage.java:22: error: cannot find symbol
        WebElement downloadLink = wait.until(ExpectedConditions.elementToBeClickable(excelDownloadButton));
                                             ^
  symbol:   variable ExpectedConditions
  location: class NotificationDetailsPage
src/main/java/pages/NotificationDetailsPage.java:25: error: cannot find symbol
        ((JavascriptExecutor) driver).executeScript("arguments[0].scrollIntoView({block: 'center'});", downloadLink);
          ^
  symbol:   class JavascriptExecutor
  location: class NotificationDetailsPage
src/main/java/pages/NotificationDetailsPage.java:30: error: cannot find symbol
        } catch (ElementClickInterceptedException e) {
                 ^
  symbol:   class ElementClickInterceptedException
  location: class NotificationDetailsPage
src/main/java/pages/NotificationDetailsPage.java:32: error: cannot find symbol
            ((JavascriptExecutor) driver).executeScript("arguments[0].click();", downloadLink);
              ^
  symbol:   class JavascriptExecutor
  location: class NotificationDetailsPage
src/main/java/pages/SonuclarPage.java:15: error: cannot find symbol
    private By loadingIndicator = By.cssSelector(".progress-indicator"); // sayfadaki loading varsa
                                  ^
  symbol:   variable By
  location: class SonuclarPage
src/main/java/pages/SonuclarPage.java:16: error: cannot find symbol
    private By allRows = By.cssSelector("tr.cursor-pointer");
                         ^
  symbol:   variable By
  location: class SonuclarPage
src/main/java/pages/SonuclarPage.java:20: error: cannot find symbol
        this.wait = new WebDriverWait(driver, Duration.ofSeconds(10));
                        ^
  symbol:   class WebDriverWait
  location: class SonuclarPage
src/main/java/pages/SonuclarPage.java:24: error: cannot find symbol
        wait.until(ExpectedConditions.invisibilityOfElementLocated(loadingIndicator));
                   ^
  symbol:   variable ExpectedConditions
  location: class SonuclarPage
src/main/java/pages/SonuclarPage.java:30: error: cannot find symbol
        List<WebElement> rows = wait.until(ExpectedConditions.presenceOfAllElementsLocatedBy(allRows));
             ^
  symbol:   class WebElement
  location: class SonuclarPage
src/main/java/pages/SonuclarPage.java:30: error: cannot find symbol
        List<WebElement> rows = wait.until(ExpectedConditions.presenceOfAllElementsLocatedBy(allRows));
                                           ^
  symbol:   variable ExpectedConditions
  location: class SonuclarPage
src/main/java/pages/SonuclarPage.java:32: error: cannot find symbol
        for (WebElement row : rows) {
             ^
  symbol:   class WebElement
  location: class SonuclarPage
src/main/java/pages/SonuclarPage.java:34: error: cannot find symbol
                ((JavascriptExecutor) driver).executeScript("arguments[0].scrollIntoView({block: 'center'});", row);
                  ^
  symbol:   class JavascriptExecutor
  location: class SonuclarPage
src/main/java/pages/SonuclarPage.java:37: error: cannot find symbol
                    WebElement clickableCell = row.findElement(By.cssSelector("td[name='notification-navigation']"));
                    ^
  symbol:   class WebElement
  location: class SonuclarPage
src/main/java/pages/SonuclarPage.java:37: error: cannot find symbol
                    WebElement clickableCell = row.findElement(By.cssSelector("td[name='notification-navigation']"));
                                                               ^
  symbol:   variable By
  location: class SonuclarPage
src/main/java/pages/SonuclarPage.java:38: error: cannot find symbol
                    wait.until(ExpectedConditions.elementToBeClickable(clickableCell)).click();
                               ^
  symbol:   variable ExpectedConditions
  location: class SonuclarPage
src/main/java/pages/SonuclarPage.java:41: error: cannot find symbol
                    WebElement clickableCell = row.findElement(By.cssSelector("td[name='notification-navigation']"));
                    ^
  symbol:   class WebElement
  location: class SonuclarPage
src/main/java/pages/SonuclarPage.java:41: error: cannot find symbol
                    WebElement clickableCell = row.findElement(By.cssSelector("td[name='notification-navigation']"));
                                                               ^
  symbol:   variable By
  location: class SonuclarPage
src/main/java/pages/SonuclarPage.java:42: error: cannot find symbol
                    ((JavascriptExecutor) driver).executeScript("arguments[0].click();", clickableCell);
                      ^
  symbol:   class JavascriptExecutor
  location: class SonuclarPage
src/main/java/pages/SonuclarPage.java:50: error: cannot find symbol
        throw new NotFoundException("'" + text + "' içeren satır bulunamadı.");
                  ^
  symbol:   class NotFoundException
  location: class SonuclarPage
src/main/java/pages/SorguPage.java:17: error: cannot find symbol
        this.wait = new WebDriverWait(driver, Duration.ofSeconds(10));
                        ^
  symbol:   class WebDriverWait
  location: class SorguPage
src/main/java/pages/SorguPage.java:21: error: cannot find symbol
    private By dropdownToggle = By.cssSelector(".custom-select-toggle");
                                ^
  symbol:   variable By
  location: class SorguPage
src/main/java/pages/SorguPage.java:24: error: cannot find symbol
    private By datepickerButton = By.cssSelector(".MuiIconButton-root[aria-label^='Choose date']");
                                  ^
  symbol:   variable By
  location: class SorguPage
src/main/java/pages/SorguPage.java:25: error: cannot find symbol
    private By switchToYearButton = By.cssSelector("button[aria-label*='calendar view']");
                                    ^
  symbol:   variable By
  location: class SorguPage
src/main/java/pages/SorguPage.java:29: error: cannot find symbol
        By tabLocator = By.xpath("//button[normalize-space()='" + tabName + "']");
        ^
  symbol:   class By
  location: class SorguPage
src/main/java/pages/SorguPage.java:29: error: cannot find symbol
        By tabLocator = By.xpath("//button[normalize-space()='" + tabName + "']");
                        ^
  symbol:   variable By
  location: class SorguPage
src/main/java/pages/SorguPage.java:30: error: cannot find symbol
        WebElement tab = wait.until(ExpectedConditions.elementToBeClickable(tabLocator));
        ^
  symbol:   class WebElement
  location: class SorguPage
src/main/java/pages/SorguPage.java:30: error: cannot find symbol
        WebElement tab = wait.until(ExpectedConditions.elementToBeClickable(tabLocator));
                                    ^
  symbol:   variable ExpectedConditions
  location: class SorguPage
src/main/java/pages/SorguPage.java:37: error: cannot find symbol
        List<WebElement> dropdowns = driver.findElements(dropdownToggle);
             ^
  symbol:   class WebElement
  location: class SorguPage
src/main/java/pages/SorguPage.java:40: error: cannot find symbol
        for (WebElement dropdown : dropdowns) {
             ^
  symbol:   class WebElement
  location: class SorguPage
src/main/java/pages/SorguPage.java:42: error: cannot find symbol
                wait.until(ExpectedConditions.elementToBeClickable(dropdown)).click();
                           ^
  symbol:   variable ExpectedConditions
  location: class SorguPage
src/main/java/pages/SorguPage.java:49: error: cannot find symbol
            throw new NoSuchElementException("Dropdown with text '" + dropdownText + "' not found.");
                      ^
  symbol:   class NoSuchElementException
  location: class SorguPage
src/main/java/pages/SorguPage.java:52: error: cannot find symbol
        By optionLocator = By.xpath("//div[contains(@class,'select-option') and text()='" + optionText + "']");
        ^
  symbol:   class By
  location: class SorguPage
src/main/java/pages/SorguPage.java:52: error: cannot find symbol
        By optionLocator = By.xpath("//div[contains(@class,'select-option') and text()='" + optionText + "']");
                           ^
  symbol:   variable By
  location: class SorguPage
src/main/java/pages/SorguPage.java:53: error: cannot find symbol
        wait.until(ExpectedConditions.elementToBeClickable(optionLocator)).click();
                   ^
  symbol:   variable ExpectedConditions
  location: class SorguPage
src/main/java/pages/SorguPage.java:61: error: cannot find symbol
        wait.until(ExpectedConditions.elementToBeClickable(switchToYearButton)).click();
                   ^
  symbol:   variable ExpectedConditions
  location: class SorguPage
src/main/java/pages/SorguPage.java:68: error: cannot find symbol
        By dynamicYear = By.xpath("//button[text()='" + year + "']");
        ^
  symbol:   class By
  location: class SorguPage
src/main/java/pages/SorguPage.java:68: error: cannot find symbol
        By dynamicYear = By.xpath("//button[text()='" + year + "']");
                         ^
  symbol:   variable By
  location: class SorguPage
src/main/java/pages/SorguPage.java:69: error: cannot find symbol
        wait.until(ExpectedConditions.elementToBeClickable(dynamicYear)).click();
                   ^
  symbol:   variable ExpectedConditions
  location: class SorguPage
src/main/java/pages/SorguPage.java:72: error: cannot find symbol
        By dynamicMonth = By.xpath("//button[contains(@aria-label, '" + monthLabel + "') or contains(text(), '" + monthLabel.substring(0, 3) + "')]");
        ^
  symbol:   class By
  location: class SorguPage
src/main/java/pages/SorguPage.java:72: error: cannot find symbol
        By dynamicMonth = By.xpath("//button[contains(@aria-label, '" + monthLabel + "') or contains(text(), '" + monthLabel.substring(0, 3) + "')]");
                          ^
  symbol:   variable By
  location: class SorguPage
src/main/java/pages/SorguPage.java:73: error: cannot find symbol
        wait.until(ExpectedConditions.elementToBeClickable(dynamicMonth)).click();
                   ^
  symbol:   variable ExpectedConditions
  location: class SorguPage
src/main/java/pages/SorguPage.java:79: error: cannot find symbol
        wait.until(ExpectedConditions.elementToBeClickable(datepickerButton)).click();
                   ^
  symbol:   variable ExpectedConditions
  location: class SorguPage
src/main/java/pages/SorguPage.java:84: error: cannot find symbol
        WebElement dayElement = wait.until(ExpectedConditions.elementToBeClickable(By.xpath(xpath)));
        ^
  symbol:   class WebElement
  location: class SorguPage
src/main/java/pages/SorguPage.java:84: error: cannot find symbol
        WebElement dayElement = wait.until(ExpectedConditions.elementToBeClickable(By.xpath(xpath)));
                                           ^
  symbol:   variable ExpectedConditions
  location: class SorguPage
src/main/java/pages/SorguPage.java:84: error: cannot find symbol
        WebElement dayElement = wait.until(ExpectedConditions.elementToBeClickable(By.xpath(xpath)));
                                                                                   ^
  symbol:   variable By
  location: class SorguPage
src/main/java/pages/SorguPage.java:108: error: cannot find symbol
        By btnLocator = By.xpath("//button[contains(text(),'" + buttonLabel + "')]");
        ^
  symbol:   class By
  location: class SorguPage
src/main/java/pages/SorguPage.java:108: error: cannot find symbol
        By btnLocator = By.xpath("//button[contains(text(),'" + buttonLabel + "')]");
                        ^
  symbol:   variable By
  location: class SorguPage
src/main/java/pages/SorguPage.java:109: error: cannot find symbol
        WebElement btn = wait.until(ExpectedConditions.elementToBeClickable(btnLocator));
        ^
  symbol:   class WebElement
  location: class SorguPage
src/main/java/pages/SorguPage.java:109: error: cannot find symbol
        WebElement btn = wait.until(ExpectedConditions.elementToBeClickable(btnLocator));
                                    ^
  symbol:   variable ExpectedConditions
  location: class SorguPage
src/main/java/pages/SorguPage.java:112: error: cannot find symbol
            ((JavascriptExecutor) driver).executeScript("arguments[0].scrollIntoView({block: 'center'});", btn);
              ^
  symbol:   class JavascriptExecutor
  location: class SorguPage
100 errors
only showing the first 100 errors, of 104 total; use -Xmaxerrs if you would like to see more
