{"uid":"316806c7c849d4b6","name":"Scenario: Masaüstü Web arayüzü için QNB bildirimi detaylı arama ve Excel kontrolü","historyId":"Specification: KAP Bildirim Testi:Specification: KAP Bildirim Testi#Scenario: Masaüstü Web arayüzü için QNB bildirimi detaylı arama ve Excel kontrolü","time":{"start":1754470553000,"stop":1754470571551,"duration":18551},"status":"failed","statusMessage":"<format> dosyası \"Bildirimler.xls\" olarak indirilmiş olmalı\nConcept Post Hook Failure: 'java.lang.RuntimeException: Unexpected result for screenshot command: null'","statusTrace":"java.lang.RuntimeException: Unexpected result for screenshot command: null\n\tat org.openqa.selenium.remote.RemoteWebDriver.getScreenshotAs(RemoteWebDriver.java:342)\n\tat utils.ScreenshotUtils.takeScreenshotAfterEachStep(ScreenshotUtils.java:28)\n\tat hooks.ExecutionHooks.afterStep(ExecutionHooks.java:40)\n\tat java.base/jdk.internal.reflect.NativeMethodAccessorImpl.invoke0(Native Method)\n\tat java.base/jdk.internal.reflect.NativeMethodAccessorImpl.invoke(NativeMethodAccessorImpl.java:77)\n\tat java.base/jdk.internal.reflect.DelegatingMethodAccessorImpl.invoke(DelegatingMethodAccessorImpl.java:43)\n\tat java.base/java.lang.reflect.Method.invoke(Method.java:568)\n\tat com.thoughtworks.gauge.execution.MethodExecutor.execute(MethodExecutor.java:31)\n\tat com.thoughtworks.gauge.execution.HooksExecutor$TaggedHookExecutor.executeHook(HooksExecutor.java:92)\n\tat com.thoughtworks.gauge.execution.HooksExecutor$TaggedHookExecutor.execute(HooksExecutor.java:78)\n\tat com.thoughtworks.gauge.execution.HooksExecutor.execute(HooksExecutor.java:35)\n\tat com.thoughtworks.gauge.processor.MethodExecutionMessageProcessor.executeHooks(MethodExecutionMessageProcessor.java:55)\n\tat com.thoughtworks.gauge.processor.StepExecutionEndingProcessor.process(StepExecutionEndingProcessor.java:25)\n\tat com.thoughtworks.gauge.RunnerServiceHandler.lambda$finishStepExecution$8(RunnerServiceHandler.java:183)\n\tat java.base/java.util.concurrent.ThreadPoolExecutor.runWorker(ThreadPoolExecutor.java:1136)\n\tat java.base/java.util.concurrent.ThreadPoolExecutor$Worker.run(ThreadPoolExecutor.java:635)\n\tat java.base/java.lang.Thread.run(Thread.java:842)\n","flaky":false,"newFailed":false,"newBroken":false,"newPassed":false,"retriesCount":0,"retriesStatusChange":false,"beforeStages":[],"testStage":{"steps":[],"attachments":[],"parameters":[],"stepsCount":0,"hasContent":false,"attachmentStep":false,"shouldDisplayMessage":false,"attachmentsCount":0},"afterStages":[],"labels":[{"name":"resultFormat","value":"junit"},{"name":"suite","value":"Specification: KAP Bildirim Testi"},{"name":"host","value":"ip-10-1-32-36.eu-central-1.compute.internal"},{"name":"testClass","value":"Specification: KAP Bildirim Testi"},{"name":"package","value":"Specification: KAP Bildirim Testi"}],"parameters":[],"links":[],"hidden":false,"retry":false,"extra":{"severity":"normal","retries":[],"categories":[{"name":"Product defects","matchedStatuses":[]}],"tags":[]},"source":"316806c7c849d4b6.json","parameterValues":[]}